riley@gopi-old:~/git/winlinkauto $ ./pat-connect-hf.sh 40
Found messages in the outbox
Found some Previously connected GWs, trying them now
#####################################################
Connection attempt 1 of 2
Run number 0
#####################################################
2023/08/29 22:24:02 X6100 ready. Dial frequency is 7.089.00 MHz.
2023/08/29 22:24:02 ARDOP TNC (ardopc_1.0.4.1qBPQ) initialized
2023/08/29 22:24:02 QSY ardop: 7088
2023/08/29 22:24:05 Connecting to AJ4GU (ardop)...
2023/08/29 22:24:17 Connected to AJ4GU (ardop)
RMS Trimode 1.3.51.0
KF4EMZ has 120 daily minutes remaining with AJ4GU (EM83AL)
{SFI = 142 On 2023-08-30 01:00 UTC}
[WL2K-5.0-B2FWIHJM$]
;PQ: 01055944
CMS via AJ4GU >
>FC EM WTLFGQZHYWR6 239 207 0
Sending checksum 22
;PM: KF4EMZ ED9ZFMJB5USA 280 SERVICE@winlink.org Position Report Acknowledgement
;PM: KF4EMZ LUEKAMU0Z9M1 1219 KN4LQN@winlink.org Winlink Wednesday Net Confirmation (Episode #363)
;PM: KF4EMZ 1NCBKLSRX2D8 1311 KN4LQN@winlink.org Winlink Wednesday Roster Published (23 August 2023, Episode #363)
;PM: KF4EMZ JHAZIR8V17NM 2277 KN4LQN@winlink.org Winlink Wednesday Reminder (#364)
FS Y
Remote accepted WTLFGQZHYWR6
Transmitting [test] [offset 0]
test: 100%
FC EM ED9ZFMJB5USA 361 280 0
FC EM LUEKAMU0Z9M1 2531 1219 0
FC EM 1NCBKLSRX2D8 2754 1311 0
FC EM JHAZIR8V17NM 5217 2277 0
F> CE
4 proposal(s) received
Accepting ED9ZFMJB5USA
Accepting LUEKAMU0Z9M1
Accepting 1NCBKLSRX2D8
Accepting JHAZIR8V17NM
Receiving [Position Report Acknowledgement] [offset 0]
Position Report Acknowledgement: 100%
Receiving [Winlink Wednesday Net Confirmation (Episode #363)] [offset 0]
Winlink Wednesday Net Confirmation (Episode #363): 100%
Receiving [Winlink Wednesday Roster Published (23 August 2023, Episode #363)] [offset 0]
Winlink Wednesday Roster Published (23 August 2023, Episode #363): 100%
Receiving [Winlink Wednesday Reminder (#364)] [offset 0]
Winlink Wednesday Reminder (#364): 100%
>FF
FQ
2023/08/29 22:37:09 Disconnected.
2023/08/29 22:37:10 QSX ardop: 7089.000
2023-08-29_22:24:02 SUCCESS with ardop:///AJ4GU?bw=500MAX&freq=7088
Nothing to send, exiting

